0 info it worked if it ends with ok
1 verbose cli [ '/usr/local/bin/node', '/usr/local/bin/npm', 'publish' ]
2 info using npm@3.10.10
3 info using node@v6.11.4
4 verbose publish [ '.' ]
5 silly cache add args [ '.', null ]
6 verbose cache add spec .
7 silly cache add parsed spec Result {
7 silly cache add   raw: '.',
7 silly cache add   scope: null,
7 silly cache add   escapedName: null,
7 silly cache add   name: null,
7 silly cache add   rawSpec: '.',
7 silly cache add   spec: '/Users/joelchristner/Documents/Code/cgnx/CloudGenixSdk/Node',
7 silly cache add   type: 'directory' }
8 verbose addLocalDirectory /Users/joelchristner/.npm/cloudgenix/1.0.0/package.tgz not in flight; packing
9 verbose correctMkdir /Users/joelchristner/.npm correctMkdir not in flight; initializing
10 info lifecycle cloudgenix@1.0.0~prepublish: cloudgenix@1.0.0
11 silly lifecycle cloudgenix@1.0.0~prepublish: no script for prepublish, continuing
12 verbose tar pack [ '/Users/joelchristner/.npm/cloudgenix/1.0.0/package.tgz',
12 verbose tar pack   '/Users/joelchristner/Documents/Code/cgnx/CloudGenixSdk/Node' ]
13 verbose tarball /Users/joelchristner/.npm/cloudgenix/1.0.0/package.tgz
14 verbose folder /Users/joelchristner/Documents/Code/cgnx/CloudGenixSdk/Node
15 verbose addLocalTarball adding from inside cache /Users/joelchristner/.npm/cloudgenix/1.0.0/package.tgz
16 verbose correctMkdir /Users/joelchristner/.npm correctMkdir not in flight; initializing
17 silly cache afterAdd cloudgenix@1.0.0
18 verbose afterAdd /Users/joelchristner/.npm/cloudgenix/1.0.0/package/package.json not in flight; writing
19 verbose correctMkdir /Users/joelchristner/.npm correctMkdir not in flight; initializing
20 verbose afterAdd /Users/joelchristner/.npm/cloudgenix/1.0.0/package/package.json written
21 silly publish { name: 'cloudgenix',
21 silly publish   version: '1.0.0',
21 silly publish   description: 'CloudGenix Controller SDK',
21 silly publish   main: 'CloudGenixSdk.js',
21 silly publish   dependencies: { http: '^0.0.0', https: '^1.0.0' },
21 silly publish   devDependencies: {},
21 silly publish   scripts: { test: 'node Test.js' },
21 silly publish   repository:
21 silly publish    { type: 'git',
21 silly publish      url: 'git+https://github.com/CloudGenix/sdk-nodejs.git' },
21 silly publish   keywords: [ 'sdn', 'sdwan', 'cloudgenix', 'wan', 'networking', 'appfabric' ],
21 silly publish   author: { name: 'Joel Christner' },
21 silly publish   license: 'MIT',
21 silly publish   bugs: { url: 'https://github.com/CloudGenix/sdk-nodejs/issues' },
21 silly publish   homepage: 'https://github.com/CloudGenix/sdk-nodejs#readme',
21 silly publish   readme: '\n# CloudGenix Controller SDK in Javascript for NodeJS\nNodeJS software development kit and test application for the CloudGenix Controller.\n\n## Help or Feedback\nFor issues, please contact joel@cloudgenix.com or open a support ticket with developers@cloudgenix.com.  We can also be found on the NetworkToCode Slack #cloudgenix channel at http://slack.networktocode.com.\n\n## Before You Begin\nThe CloudGenix Controller is only accessible to CloudGenix customers with a valid login using an IP address that has been whitelisted.  Please contact us at one of the aforementioned methods if you need to have your IP addresses whitelisted.\n\n## New\n- Initial release\n- Authentication, profile retrieval, and dynamic URL building (including API version) with override support\n- Includes GET APIs for tenant, elements, sites, interfaces, WANs, LANs, application definitions, policy sets, policy rules, security zones, security policy sets, and security policy rules\n- Includes POST APIs to retrieve metrics data, top N data, and flow records\n- Basic API infrastructure and plumbing\n\n## Outstanding Items\n- Queries (metrics, top N, flow records) must be constructed manually and passed into appropriate methods\n\n## Quickstart\nRefer to the Test.js file for a full examination of consuming the SDK.  The SDK can be initialized and instantiated rather quickly:\n``` \n// start the environment\n$ node\n\n// include the SDK\n> CgSdk = require("./CloudGenixSdk.js");\n[Function: CloudGenixSdk]\n\n// create a default callback for enumerating data and error responses\n> function cb(data, err) { if (data) { console.log("Data: " + data); } else { console.log("Error: " + err); } };\nundefined\n\n// initialize the SDK\n> sdk = new CgSdk("demo@cloudgenix.com", "demo@cloudgenix.com", false, cb);\n\n// perform your first API call\n> sdk.getSites(cb); \n> Data: {"_etag":0,"_content_length":"3173","_schema":0,"_created_on_utc":0,"_updated_on_utc":0,"_status_code":"200","_request_id":"1513104977242013899996721814543863209018","count":5,"items":[{"id":"14124967418110176", ... [reduced for brevity] ... \n\n// and another...\n> sdk.getSiteTopology("[site_id]", cb);\n> Data: {"type":"basenet","nodes":[{"id":"14124967418110176","_etag":0,"_content_length":"8107","_schema":0,"_created_on_utc":14124967418110177,"_updated_on_utc":0,"_status_code":"200","_request_id":"1513105335429012499995707288186023842012","tenant_id":"101","type":"SITE","name":"Atlanta DC","location":{"longitude":-84.39019775390625, ... [reduced for brevity] ...\n```\n\n## Queries\nQueries must be constructed manually prior to calling APIs for flows, top N, events, or metrics data.  Refer to the developer documentation for the structure for queries required for each different type.\n```\ntopnQuery = {};\ntopnQuery["topn_basis"] = "traffic_volume";\ntopnQuery["top_n"] = { "type": "app", "limit": 10 };\ntopnQuery["filter"] = { "site": [ "[site_id]" ] };\ntopnQuery["start_time"] = "2017-12-01T00:00:00.000Z";\ntopnQuery["end_time"] = "2017-12-07T00:00:00.000Z";\nsdk.getTopN(topnQuery, cb);\n```\n\n## Version History\nNotes from previous versions (starting with v1.0.0) will be moved here.\n\nv1.0.0\n- Initial release',
21 silly publish   readmeFilename: 'README.md',
21 silly publish   gitHead: '2467517ea425b9e1bb8180826dd1d77a69491009',
21 silly publish   _id: 'cloudgenix@1.0.0',
21 silly publish   _shasum: '97cce1bc96cc1df31ce135aa245362599191af5b',
21 silly publish   _from: '.' }
22 verbose getPublishConfig undefined
23 silly mapToRegistry name cloudgenix
24 silly mapToRegistry using default registry
25 silly mapToRegistry registry https://registry.npmjs.org/
26 silly mapToRegistry data Result {
26 silly mapToRegistry   raw: 'cloudgenix',
26 silly mapToRegistry   scope: null,
26 silly mapToRegistry   escapedName: 'cloudgenix',
26 silly mapToRegistry   name: 'cloudgenix',
26 silly mapToRegistry   rawSpec: '',
26 silly mapToRegistry   spec: 'latest',
26 silly mapToRegistry   type: 'tag' }
27 silly mapToRegistry uri https://registry.npmjs.org/cloudgenix
28 verbose publish registryBase https://registry.npmjs.org/
29 silly publish uploading /Users/joelchristner/.npm/cloudgenix/1.0.0/package.tgz
30 verbose request uri https://registry.npmjs.org/cloudgenix
31 verbose request sending authorization for write operation
32 info attempt registry request try #1 at 3:52:40 PM
33 verbose request using bearer token for auth
34 verbose request id 2347016ed3def850
35 http request PUT https://registry.npmjs.org/cloudgenix
36 http 403 https://registry.npmjs.org/cloudgenix
37 verbose headers { 'content-type': 'application/json',
37 verbose headers   'cache-control': 'max-age=300',
37 verbose headers   'content-length': '91',
37 verbose headers   'accept-ranges': 'bytes',
37 verbose headers   date: 'Tue, 19 Dec 2017 23:52:40 GMT',
37 verbose headers   via: '1.1 varnish',
37 verbose headers   connection: 'keep-alive',
37 verbose headers   'x-served-by': 'cache-pao17431-PAO',
37 verbose headers   'x-cache': 'MISS',
37 verbose headers   'x-cache-hits': '0',
37 verbose headers   'x-timer': 'S1513727561.549359,VS0,VE310',
37 verbose headers   vary: 'Accept-Encoding, Accept' }
38 verbose request invalidating /Users/joelchristner/.npm/registry.npmjs.org/cloudgenix on PUT
39 error publish Failed PUT 403
40 verbose stack Error: You cannot publish over the previously published version 1.0.0. : cloudgenix
40 verbose stack     at makeError (/usr/local/lib/node_modules/npm/node_modules/npm-registry-client/lib/request.js:302:12)
40 verbose stack     at CachingRegistryClient.<anonymous> (/usr/local/lib/node_modules/npm/node_modules/npm-registry-client/lib/request.js:290:14)
40 verbose stack     at Request._callback (/usr/local/lib/node_modules/npm/node_modules/npm-registry-client/lib/request.js:210:14)
40 verbose stack     at Request.self.callback (/usr/local/lib/node_modules/npm/node_modules/request/request.js:187:22)
40 verbose stack     at emitTwo (events.js:106:13)
40 verbose stack     at Request.emit (events.js:191:7)
40 verbose stack     at Request.<anonymous> (/usr/local/lib/node_modules/npm/node_modules/request/request.js:1048:10)
40 verbose stack     at emitOne (events.js:96:13)
40 verbose stack     at Request.emit (events.js:188:7)
40 verbose stack     at IncomingMessage.<anonymous> (/usr/local/lib/node_modules/npm/node_modules/request/request.js:969:12)
41 verbose statusCode 403
42 verbose pkgid cloudgenix
43 verbose cwd /Users/joelchristner/Documents/Code/cgnx/CloudGenixSdk/Node
44 error Darwin 17.2.0
45 error argv "/usr/local/bin/node" "/usr/local/bin/npm" "publish"
46 error node v6.11.4
47 error npm  v3.10.10
48 error code E403
49 error You cannot publish over the previously published version 1.0.0. : cloudgenix
50 error If you need help, you may report this error at:
50 error     <https://github.com/npm/npm/issues>
51 verbose exit [ 1, true ]
